============================= test session starts =============================
platform win32 -- Python 3.11.9, pytest-9.1.0, pluggy-1.6.0 -- D:\GenAI_udemy\Git_Projects\Cross-Asset Causal Discovery Engine\venv\Scripts\python.exe
cachedir: .pytest_cache
rootdir: D:\GenAI_udemy\Git_Projects\Cross-Asset Causal Discovery Engine
configfile: pytest.ini
plugins: anyio-4.14.0
collecting ... collected 62 items

tests/test_api.py::test_health PASSED                                    [  1%]
tests/test_api.py::test_list_runs PASSED                                 [  3%]
tests/test_api.py::test_get_run_and_candidates PASSED                    [  4%]
tests/test_api.py::test_get_graph_carries_statistics PASSED              [  6%]
tests/test_api.py::test_get_regimes_are_time_bound PASSED                [  8%]
tests/test_api.py::test_unknown_run_is_404 PASSED                        [  9%]
tests/test_api.py::test_analyze_persists_and_returns_run PASSED          [ 11%]
tests/test_api.py::test_analyze_rejects_bad_dates PASSED                 [ 12%]
tests/test_api.py::test_flips_empty_then_surfaced PASSED                 [ 14%]
tests/test_api.py::test_monitor_endpoint_runs_cycle PASSED               [ 16%]
tests/test_correction.py::test_corrected_pvalues_never_below_raw PASSED  [ 17%]
tests/test_correction.py::test_order_is_preserved PASSED                 [ 19%]
tests/test_correction.py::test_bonferroni_at_least_as_strict_as_fdr PASSED [ 20%]
tests/test_correction.py::test_empty_input PASSED                        [ 22%]
tests/test_correction.py::test_unknown_method_raises PASSED              [ 24%]
tests/test_dashboard_flips.py::test_pending_badge_shows_provisional_and_progress PASSED [ 25%]
tests/test_dashboard_flips.py::test_confirmed_and_reverted_badges_are_distinct PASSED [ 27%]
tests/test_dashboard_flips.py::test_every_flip_carries_its_statistic PASSED [ 29%]
tests/test_dashboard_flips.py::test_stat_line_tolerates_missing_correlation PASSED [ 30%]
tests/test_flip_tracking.py::test_pending_flip_expires_when_pair_loses_significance PASSED [ 32%]
tests/test_flip_tracking.py::test_flip_confirms_at_exactly_n_runs_and_one_short_stays_pending PASSED [ 33%]
tests/test_flip_tracking.py::test_flip_reverts_on_snap_back_and_never_confirms PASSED [ 35%]
tests/test_flip_tracking.py::test_reverted_flip_reflip_is_new_event_not_resurrection PASSED [ 37%]
tests/test_granger.py::test_detects_known_direction PASSED               [ 38%]
tests/test_granger.py::test_independent_series_not_significant PASSED    [ 40%]
tests/test_granger.py::test_emits_both_directions_per_pair PASSED        [ 41%]
tests/test_graph_discovery.py::test_chain_edges_left_undirected PASSED   [ 43%]
tests/test_graph_discovery.py::test_collider_is_oriented_by_pc PASSED    [ 45%]
tests/test_graph_discovery.py::test_every_node_present_even_if_isolated PASSED [ 46%]
tests/test_llm_models.py::test_card_embeds_its_statistic PASSED          [ 48%]
tests/test_llm_models.py::test_confidence_is_bounded PASSED              [ 50%]
tests/test_llm_models.py::test_plausibility_flag_is_strict_enum PASSED   [ 51%]
tests/test_llm_models.py::test_caveats_coercion_from_string_and_none PASSED [ 53%]
tests/test_llm_models.py::test_use_enum_values_serializes_flag_as_string PASSED [ 54%]
tests/test_llm_validator.py::test_extract_json_plain PASSED              [ 56%]
tests/test_llm_validator.py::test_extract_json_strips_fences_and_preamble PASSED [ 58%]
tests/test_llm_validator.py::test_extract_json_returns_none_on_garbage PASSED [ 59%]
tests/test_llm_validator.py::test_valid_output_builds_card PASSED        [ 61%]
tests/test_llm_validator.py::test_malformed_output_becomes_parse_failed_not_crash PASSED [ 62%]
tests/test_llm_validator.py::test_retry_recovers_after_one_bad_response PASSED [ 64%]
tests/test_llm_validator.py::test_missing_required_field_is_treated_as_malformed PASSED [ 66%]
tests/test_llm_validator.py::test_invalid_flag_value_is_rejected PASSED  [ 67%]
tests/test_llm_validator.py::test_system_can_return_likely_spurious PASSED [ 69%]
tests/test_llm_validator.py::test_in_graph_false_sets_addresses_pc_rejection_true PASSED [ 70%]
tests/test_llm_validator.py::test_in_graph_true_never_addresses_pc_rejection PASSED [ 72%]
tests/test_llm_validator.py::test_channel_mismatch_retry_recovers_when_model_corrects PASSED [ 74%]
tests/test_llm_validator.py::test_channel_mismatch_structural_backstop_flags_persistent_hallucination PASSED [ 75%]
tests/test_llm_validator.py::test_correct_channel_passes_backstop_untouched PASSED [ 77%]
tests/test_llm_validator.py::test_connection_error_raises_ollama_unreachable PASSED [ 79%]
tests/test_llm_validator.py::test_validate_run_persists_and_uses_graph_lookup PASSED [ 80%]
tests/test_llm_validator.py::test_summarize_flags_counts_every_flag PASSED [ 82%]
tests/test_llm_validator.py::test_spurious_control_live_is_not_rubber_stamped PASSED [ 83%]
tests/test_preprocessor.py::test_negative_price_yields_only_finite_returns PASSED [ 85%]
tests/test_preprocessor.py::test_forward_fill_then_drop_keeps_full_cross_sections PASSED [ 87%]
tests/test_preprocessor.py::test_long_gap_is_not_bridged PASSED          [ 88%]
tests/test_regime_detection.py::test_recovers_active_and_inactive_regimes PASSED [ 90%]
tests/test_regime_detection.py::test_active_regime_lands_in_the_coupled_first_half PASSED [ 91%]
tests/test_regime_detection.py::test_too_short_returns_no_regimes PASSED [ 93%]
tests/test_replication.py::test_replication_check_catches_durable_and_transient_edges PASSED [ 95%]
tests/test_replication.py::test_same_direction_required_and_missing_holdout_handled PASSED [ 96%]
tests/test_replication.py::test_summary_buckets_pc_vs_granger_only PASSED [ 98%]
tests/test_replication.py::test_empty_category_rate_is_none_not_zero PASSED [100%]

======================== 62 passed in 79.48s (0:01:19) ========================
